2024-05-21 19:35:20,400 - INFO - Fetching map goal...
2024-05-21 19:35:20,697 - INFO - GET request to https://challenge.crossmint.io/api/map/c8a1f87a-ed5e-4cce-b5fe-7b10c1a76037/goal succeeded.
2024-05-21 19:35:20,699 - INFO - Map goal fetched successfully.
2024-05-21 19:35:20,886 - INFO - POST request to https://challenge.crossmint.io/api/comeths succeeded.
2024-05-21 19:35:20,889 - INFO - Cometh created at (1, 7).
2024-05-21 19:35:21,099 - INFO - POST request to https://challenge.crossmint.io/api/polyanets succeeded.
2024-05-21 19:35:21,103 - INFO - Polyanet created at (2, 2).
2024-05-21 19:35:21,256 - INFO - POST request to https://challenge.crossmint.io/api/polyanets succeeded.
2024-05-21 19:35:21,257 - INFO - Polyanet created at (2, 3).
2024-05-21 19:35:21,551 - INFO - POST request to https://challenge.crossmint.io/api/comeths succeeded.
2024-05-21 19:35:21,555 - INFO - Cometh created at (2, 13).
2024-05-21 19:35:21,816 - INFO - POST request to https://challenge.crossmint.io/api/polyanets succeeded.
2024-05-21 19:35:21,820 - INFO - Polyanet created at (2, 23).
2024-05-21 19:35:22,054 - INFO - POST request to https://challenge.crossmint.io/api/polyanets succeeded.
2024-05-21 19:35:22,057 - INFO - Polyanet created at (2, 24).
2024-05-21 19:35:22,216 - INFO - POST request to https://challenge.crossmint.io/api/polyanets succeeded.
2024-05-21 19:35:22,220 - INFO - Polyanet created at (3, 2).
2024-05-21 19:35:22,346 - INFO - POST request to https://challenge.crossmint.io/api/polyanets succeeded.
2024-05-21 19:35:22,349 - INFO - Polyanet created at (3, 4).
2024-05-21 19:35:22,468 - INFO - POST request to https://challenge.crossmint.io/api/polyanets succeeded.
2024-05-21 19:35:22,471 - INFO - Polyanet created at (3, 5).
2024-05-21 19:35:22,575 - WARNING - POST request to https://challenge.crossmint.io/api/soloons rate limited. Retrying in 5 seconds...
2024-05-21 19:35:27,701 - WARNING - POST request to https://challenge.crossmint.io/api/soloons rate limited. Retrying in 5 seconds...
2024-05-21 19:35:32,884 - INFO - POST request to https://challenge.crossmint.io/api/soloons succeeded.
2024-05-21 19:35:32,886 - INFO - Soloon created at (3, 20).
2024-05-21 19:35:33,024 - INFO - POST request to https://challenge.crossmint.io/api/polyanets succeeded.
2024-05-21 19:35:33,028 - INFO - Polyanet created at (3, 21).
2024-05-21 19:35:33,159 - INFO - POST request to https://challenge.crossmint.io/api/polyanets succeeded.
2024-05-21 19:35:33,162 - INFO - Polyanet created at (3, 22).
2024-05-21 19:35:33,276 - INFO - POST request to https://challenge.crossmint.io/api/polyanets succeeded.
2024-05-21 19:35:33,281 - INFO - Polyanet created at (3, 24).
2024-05-21 19:35:33,401 - INFO - POST request to https://challenge.crossmint.io/api/comeths succeeded.
2024-05-21 19:35:33,404 - INFO - Cometh created at (3, 27).
2024-05-21 19:35:33,544 - INFO - POST request to https://challenge.crossmint.io/api/polyanets succeeded.
2024-05-21 19:35:33,547 - INFO - Polyanet created at (4, 3).
2024-05-21 19:35:33,676 - INFO - POST request to https://challenge.crossmint.io/api/soloons succeeded.
2024-05-21 19:35:33,679 - INFO - Soloon created at (4, 5).
2024-05-21 19:35:33,797 - INFO - POST request to https://challenge.crossmint.io/api/polyanets succeeded.
2024-05-21 19:35:33,800 - INFO - Polyanet created at (4, 6).
2024-05-21 19:35:33,929 - INFO - POST request to https://challenge.crossmint.io/api/polyanets succeeded.
2024-05-21 19:35:33,932 - INFO - Polyanet created at (4, 7).
2024-05-21 19:35:34,063 - INFO - POST request to https://challenge.crossmint.io/api/soloons succeeded.
2024-05-21 19:35:34,067 - INFO - Soloon created at (4, 8).
2024-05-21 19:35:34,190 - WARNING - POST request to https://challenge.crossmint.io/api/comeths rate limited. Retrying in 5 seconds...
2024-05-21 19:35:39,352 - WARNING - POST request to https://challenge.crossmint.io/api/comeths rate limited. Retrying in 5 seconds...
2024-05-21 19:35:44,517 - INFO - POST request to https://challenge.crossmint.io/api/comeths succeeded.
2024-05-21 19:35:44,522 - INFO - Cometh created at (4, 16).
2024-05-21 19:35:44,664 - INFO - POST request to https://challenge.crossmint.io/api/polyanets succeeded.
2024-05-21 19:35:44,668 - INFO - Polyanet created at (4, 19).
2024-05-21 19:35:44,803 - INFO - POST request to https://challenge.crossmint.io/api/polyanets succeeded.
2024-05-21 19:35:44,807 - INFO - Polyanet created at (4, 20).
2024-05-21 19:35:44,965 - INFO - POST request to https://challenge.crossmint.io/api/polyanets succeeded.
2024-05-21 19:35:44,968 - INFO - Polyanet created at (4, 23).
2024-05-21 19:35:45,106 - INFO - POST request to https://challenge.crossmint.io/api/comeths succeeded.
2024-05-21 19:35:45,108 - INFO - Cometh created at (4, 29).
2024-05-21 19:35:45,235 - INFO - POST request to https://challenge.crossmint.io/api/polyanets succeeded.
2024-05-21 19:35:45,237 - INFO - Polyanet created at (5, 3).
2024-05-21 19:35:45,384 - INFO - POST request to https://challenge.crossmint.io/api/soloons succeeded.
2024-05-21 19:35:45,386 - INFO - Soloon created at (5, 6).
2024-05-21 19:35:45,523 - INFO - POST request to https://challenge.crossmint.io/api/polyanets succeeded.
2024-05-21 19:35:45,526 - INFO - Polyanet created at (5, 8).
2024-05-21 19:35:45,881 - INFO - POST request to https://challenge.crossmint.io/api/polyanets succeeded.
2024-05-21 19:35:45,884 - INFO - Polyanet created at (5, 9).
2024-05-21 19:35:46,044 - INFO - POST request to https://challenge.crossmint.io/api/comeths succeeded.
2024-05-21 19:35:46,051 - INFO - Cometh created at (5, 12).
2024-05-21 19:35:46,171 - WARNING - POST request to https://challenge.crossmint.io/api/polyanets rate limited. Retrying in 5 seconds...
2024-05-21 19:35:51,319 - INFO - POST request to https://challenge.crossmint.io/api/polyanets succeeded.
2024-05-21 19:35:51,320 - INFO - Polyanet created at (5, 17).
2024-05-21 19:35:51,438 - INFO - POST request to https://challenge.crossmint.io/api/polyanets succeeded.
2024-05-21 19:35:51,440 - INFO - Polyanet created at (5, 18).
2024-05-21 19:35:51,569 - INFO - POST request to https://challenge.crossmint.io/api/soloons succeeded.
2024-05-21 19:35:51,570 - INFO - Soloon created at (5, 19).
2024-05-21 19:35:51,744 - INFO - POST request to https://challenge.crossmint.io/api/polyanets succeeded.
2024-05-21 19:35:51,748 - INFO - Polyanet created at (5, 23).
2024-05-21 19:35:51,873 - INFO - POST request to https://challenge.crossmint.io/api/polyanets succeeded.
2024-05-21 19:35:51,877 - INFO - Polyanet created at (6, 4).
2024-05-21 19:35:52,004 - INFO - POST request to https://challenge.crossmint.io/api/polyanets succeeded.
2024-05-21 19:35:52,008 - INFO - Polyanet created at (6, 10).
2024-05-21 19:35:52,138 - INFO - POST request to https://challenge.crossmint.io/api/polyanets succeeded.
2024-05-21 19:35:52,141 - INFO - Polyanet created at (6, 16).
2024-05-21 19:35:52,276 - INFO - POST request to https://challenge.crossmint.io/api/polyanets succeeded.
2024-05-21 19:35:52,281 - INFO - Polyanet created at (6, 22).
2024-05-21 19:35:52,428 - INFO - POST request to https://challenge.crossmint.io/api/polyanets succeeded.
2024-05-21 19:35:52,433 - INFO - Polyanet created at (7, 4).
2024-05-21 19:35:52,582 - INFO - POST request to https://challenge.crossmint.io/api/polyanets succeeded.
2024-05-21 19:35:52,585 - INFO - Polyanet created at (7, 10).
2024-05-21 19:35:52,714 - WARNING - POST request to https://challenge.crossmint.io/api/soloons rate limited. Retrying in 5 seconds...
2024-05-21 19:35:57,847 - WARNING - POST request to https://challenge.crossmint.io/api/soloons rate limited. Retrying in 5 seconds...
2024-05-21 19:36:03,028 - INFO - POST request to https://challenge.crossmint.io/api/soloons succeeded.
2024-05-21 19:36:03,032 - INFO - Soloon created at (7, 15).
2024-05-21 19:36:03,164 - INFO - POST request to https://challenge.crossmint.io/api/polyanets succeeded.
2024-05-21 19:36:03,166 - INFO - Polyanet created at (7, 16).
2024-05-21 19:36:03,295 - INFO - POST request to https://challenge.crossmint.io/api/polyanets succeeded.
2024-05-21 19:36:03,297 - INFO - Polyanet created at (7, 22).
2024-05-21 19:36:03,416 - INFO - POST request to https://challenge.crossmint.io/api/soloons succeeded.
2024-05-21 19:36:03,419 - INFO - Soloon created at (7, 23).
2024-05-21 19:36:03,580 - INFO - POST request to https://challenge.crossmint.io/api/soloons succeeded.
2024-05-21 19:36:03,585 - INFO - Soloon created at (8, 4).
2024-05-21 19:36:03,718 - INFO - POST request to https://challenge.crossmint.io/api/polyanets succeeded.
2024-05-21 19:36:03,720 - INFO - Polyanet created at (8, 5).
2024-05-21 19:36:04,216 - INFO - POST request to https://challenge.crossmint.io/api/soloons succeeded.
2024-05-21 19:36:04,220 - INFO - Soloon created at (8, 10).
2024-05-21 19:36:04,364 - INFO - POST request to https://challenge.crossmint.io/api/polyanets succeeded.
2024-05-21 19:36:04,368 - INFO - Polyanet created at (8, 11).
2024-05-21 19:36:04,512 - INFO - POST request to https://challenge.crossmint.io/api/polyanets succeeded.
2024-05-21 19:36:04,516 - INFO - Polyanet created at (8, 15).
2024-05-21 19:36:04,655 - INFO - POST request to https://challenge.crossmint.io/api/polyanets succeeded.
2024-05-21 19:36:04,660 - INFO - Polyanet created at (8, 21).
2024-05-21 19:36:04,876 - WARNING - POST request to https://challenge.crossmint.io/api/polyanets rate limited. Retrying in 5 seconds...
2024-05-21 19:36:09,998 - WARNING - POST request to https://challenge.crossmint.io/api/polyanets rate limited. Retrying in 5 seconds...
2024-05-21 19:36:15,174 - INFO - POST request to https://challenge.crossmint.io/api/polyanets succeeded.
2024-05-21 19:36:15,177 - INFO - Polyanet created at (9, 5).
2024-05-21 19:36:15,294 - INFO - POST request to https://challenge.crossmint.io/api/soloons succeeded.
2024-05-21 19:36:15,297 - INFO - Soloon created at (9, 6).
2024-05-21 19:36:15,452 - INFO - POST request to https://challenge.crossmint.io/api/polyanets succeeded.
2024-05-21 19:36:15,455 - INFO - Polyanet created at (9, 11).
2024-05-21 19:36:15,630 - INFO - POST request to https://challenge.crossmint.io/api/soloons succeeded.
2024-05-21 19:36:15,631 - INFO - Soloon created at (9, 12).
2024-05-21 19:36:15,791 - INFO - POST request to https://challenge.crossmint.io/api/polyanets succeeded.
2024-05-21 19:36:15,795 - INFO - Polyanet created at (9, 15).
2024-05-21 19:36:15,919 - INFO - POST request to https://challenge.crossmint.io/api/polyanets succeeded.
2024-05-21 19:36:15,921 - INFO - Polyanet created at (9, 21).
2024-05-21 19:36:16,063 - INFO - POST request to https://challenge.crossmint.io/api/comeths succeeded.
2024-05-21 19:36:16,065 - INFO - Cometh created at (9, 27).
2024-05-21 19:36:16,179 - INFO - POST request to https://challenge.crossmint.io/api/comeths succeeded.
2024-05-21 19:36:16,181 - INFO - Cometh created at (10, 2).
2024-05-21 19:36:16,333 - INFO - POST request to https://challenge.crossmint.io/api/polyanets succeeded.
2024-05-21 19:36:16,335 - INFO - Polyanet created at (10, 6).
2024-05-21 19:36:16,452 - INFO - POST request to https://challenge.crossmint.io/api/polyanets succeeded.
2024-05-21 19:36:16,453 - INFO - Polyanet created at (10, 7).
2024-05-21 19:36:16,553 - WARNING - POST request to https://challenge.crossmint.io/api/polyanets rate limited. Retrying in 5 seconds...
2024-05-21 19:36:21,750 - INFO - POST request to https://challenge.crossmint.io/api/polyanets succeeded.
2024-05-21 19:36:21,754 - INFO - Polyanet created at (10, 12).
2024-05-21 19:36:21,896 - INFO - POST request to https://challenge.crossmint.io/api/polyanets succeeded.
2024-05-21 19:36:21,901 - INFO - Polyanet created at (10, 14).
2024-05-21 19:36:22,110 - INFO - POST request to https://challenge.crossmint.io/api/soloons succeeded.
2024-05-21 19:36:22,114 - INFO - Soloon created at (10, 18).
2024-05-21 19:36:22,254 - INFO - POST request to https://challenge.crossmint.io/api/polyanets succeeded.
2024-05-21 19:36:22,256 - INFO - Polyanet created at (10, 19).
2024-05-21 19:36:22,401 - INFO - POST request to https://challenge.crossmint.io/api/polyanets succeeded.
2024-05-21 19:36:22,405 - INFO - Polyanet created at (10, 20).
2024-05-21 19:36:22,532 - INFO - POST request to https://challenge.crossmint.io/api/soloons succeeded.
2024-05-21 19:36:22,535 - INFO - Soloon created at (11, 7).
2024-05-21 19:36:22,661 - INFO - POST request to https://challenge.crossmint.io/api/polyanets succeeded.
2024-05-21 19:36:22,665 - INFO - Polyanet created at (11, 8).
2024-05-21 19:36:22,801 - INFO - POST request to https://challenge.crossmint.io/api/polyanets succeeded.
2024-05-21 19:36:22,805 - INFO - Polyanet created at (11, 9).
2024-05-21 19:36:22,941 - INFO - POST request to https://challenge.crossmint.io/api/polyanets succeeded.
2024-05-21 19:36:22,944 - INFO - Polyanet created at (11, 12).
2024-05-21 19:36:23,086 - INFO - POST request to https://challenge.crossmint.io/api/polyanets succeeded.
2024-05-21 19:36:23,091 - INFO - Polyanet created at (11, 14).
2024-05-21 19:36:23,230 - WARNING - POST request to https://challenge.crossmint.io/api/polyanets rate limited. Retrying in 5 seconds...
2024-05-21 19:36:28,356 - WARNING - POST request to https://challenge.crossmint.io/api/polyanets rate limited. Retrying in 5 seconds...
2024-05-21 19:36:33,538 - INFO - POST request to https://challenge.crossmint.io/api/polyanets succeeded.
2024-05-21 19:36:33,540 - INFO - Polyanet created at (11, 17).
2024-05-21 19:36:33,666 - INFO - POST request to https://challenge.crossmint.io/api/polyanets succeeded.
2024-05-21 19:36:33,674 - INFO - Polyanet created at (11, 18).
2024-05-21 19:36:33,800 - INFO - POST request to https://challenge.crossmint.io/api/polyanets succeeded.
2024-05-21 19:36:33,803 - INFO - Polyanet created at (12, 10).
2024-05-21 19:36:33,983 - INFO - POST request to https://challenge.crossmint.io/api/polyanets succeeded.
2024-05-21 19:36:33,987 - INFO - Polyanet created at (12, 11).
2024-05-21 19:36:34,122 - INFO - POST request to https://challenge.crossmint.io/api/polyanets succeeded.
2024-05-21 19:36:34,124 - INFO - Polyanet created at (12, 13).
2024-05-21 19:36:34,243 - INFO - POST request to https://challenge.crossmint.io/api/polyanets succeeded.
2024-05-21 19:36:34,247 - INFO - Polyanet created at (12, 15).
2024-05-21 19:36:34,437 - INFO - POST request to https://challenge.crossmint.io/api/polyanets succeeded.
2024-05-21 19:36:34,439 - INFO - Polyanet created at (12, 16).
2024-05-21 19:36:34,606 - INFO - POST request to https://challenge.crossmint.io/api/comeths succeeded.
2024-05-21 19:36:34,609 - INFO - Cometh created at (12, 25).
2024-05-21 19:36:34,734 - INFO - POST request to https://challenge.crossmint.io/api/comeths succeeded.
2024-05-21 19:36:34,737 - INFO - Cometh created at (12, 28).
2024-05-21 19:36:34,870 - INFO - POST request to https://challenge.crossmint.io/api/comeths succeeded.
2024-05-21 19:36:34,874 - INFO - Cometh created at (13, 4).
2024-05-21 19:36:34,978 - WARNING - POST request to https://challenge.crossmint.io/api/polyanets rate limited. Retrying in 5 seconds...
2024-05-21 19:36:40,138 - INFO - POST request to https://challenge.crossmint.io/api/polyanets succeeded.
2024-05-21 19:36:40,141 - INFO - Polyanet created at (13, 12).
2024-05-21 19:36:40,289 - INFO - POST request to https://challenge.crossmint.io/api/polyanets succeeded.
2024-05-21 19:36:40,294 - INFO - Polyanet created at (13, 13).
2024-05-21 19:36:40,469 - INFO - POST request to https://challenge.crossmint.io/api/polyanets succeeded.
2024-05-21 19:36:40,472 - INFO - Polyanet created at (13, 14).
2024-05-21 19:36:40,608 - INFO - POST request to https://challenge.crossmint.io/api/soloons succeeded.
2024-05-21 19:36:40,612 - INFO - Soloon created at (14, 9).
2024-05-21 19:36:40,757 - INFO - POST request to https://challenge.crossmint.io/api/polyanets succeeded.
2024-05-21 19:36:40,761 - INFO - Polyanet created at (14, 10).
2024-05-21 19:36:40,900 - INFO - POST request to https://challenge.crossmint.io/api/polyanets succeeded.
2024-05-21 19:36:40,902 - INFO - Polyanet created at (14, 11).
2024-05-21 19:36:41,015 - INFO - POST request to https://challenge.crossmint.io/api/polyanets succeeded.
2024-05-21 19:36:41,016 - INFO - Polyanet created at (14, 13).
2024-05-21 19:36:41,132 - INFO - POST request to https://challenge.crossmint.io/api/polyanets succeeded.
2024-05-21 19:36:41,134 - INFO - Polyanet created at (14, 15).
2024-05-21 19:36:41,282 - INFO - POST request to https://challenge.crossmint.io/api/polyanets succeeded.
2024-05-21 19:36:41,286 - INFO - Polyanet created at (14, 16).
2024-05-21 19:36:41,415 - INFO - POST request to https://challenge.crossmint.io/api/soloons succeeded.
2024-05-21 19:36:41,417 - INFO - Soloon created at (14, 17).
2024-05-21 19:36:41,515 - WARNING - POST request to https://challenge.crossmint.io/api/comeths rate limited. Retrying in 5 seconds...
2024-05-21 19:36:46,631 - WARNING - POST request to https://challenge.crossmint.io/api/comeths rate limited. Retrying in 5 seconds...
2024-05-21 19:36:51,792 - INFO - POST request to https://challenge.crossmint.io/api/comeths succeeded.
2024-05-21 19:36:51,794 - INFO - Cometh created at (15, 1).
2024-05-21 19:36:51,909 - INFO - POST request to https://challenge.crossmint.io/api/polyanets succeeded.
2024-05-21 19:36:51,912 - INFO - Polyanet created at (15, 8).
2024-05-21 19:36:52,034 - INFO - POST request to https://challenge.crossmint.io/api/polyanets succeeded.
2024-05-21 19:36:52,037 - INFO - Polyanet created at (15, 9).
2024-05-21 19:36:52,167 - INFO - POST request to https://challenge.crossmint.io/api/polyanets succeeded.
2024-05-21 19:36:52,170 - INFO - Polyanet created at (15, 12).
2024-05-21 19:36:52,295 - INFO - POST request to https://challenge.crossmint.io/api/polyanets succeeded.
2024-05-21 19:36:52,299 - INFO - Polyanet created at (15, 14).
2024-05-21 19:36:52,422 - INFO - POST request to https://challenge.crossmint.io/api/polyanets succeeded.
2024-05-21 19:36:52,426 - INFO - Polyanet created at (15, 17).
2024-05-21 19:36:52,542 - INFO - POST request to https://challenge.crossmint.io/api/polyanets succeeded.
2024-05-21 19:36:52,545 - INFO - Polyanet created at (15, 18).
2024-05-21 19:36:52,679 - INFO - POST request to https://challenge.crossmint.io/api/soloons succeeded.
2024-05-21 19:36:52,683 - INFO - Soloon created at (15, 19).
2024-05-21 19:36:52,807 - INFO - POST request to https://challenge.crossmint.io/api/comeths succeeded.
2024-05-21 19:36:52,810 - INFO - Cometh created at (15, 26).
2024-05-21 19:36:52,933 - INFO - POST request to https://challenge.crossmint.io/api/comeths succeeded.
2024-05-21 19:36:52,937 - INFO - Cometh created at (16, 3).
2024-05-21 19:36:53,040 - WARNING - POST request to https://challenge.crossmint.io/api/polyanets rate limited. Retrying in 5 seconds...
2024-05-21 19:36:58,166 - WARNING - POST request to https://challenge.crossmint.io/api/polyanets rate limited. Retrying in 5 seconds...
2024-05-21 19:37:03,322 - INFO - POST request to https://challenge.crossmint.io/api/polyanets succeeded.
2024-05-21 19:37:03,324 - INFO - Polyanet created at (16, 6).
2024-05-21 19:37:03,459 - INFO - POST request to https://challenge.crossmint.io/api/polyanets succeeded.
2024-05-21 19:37:03,462 - INFO - Polyanet created at (16, 7).
2024-05-21 19:37:03,597 - INFO - POST request to https://challenge.crossmint.io/api/soloons succeeded.
2024-05-21 19:37:03,601 - INFO - Soloon created at (16, 8).
2024-05-21 19:37:03,745 - INFO - POST request to https://challenge.crossmint.io/api/polyanets succeeded.
2024-05-21 19:37:03,749 - INFO - Polyanet created at (16, 12).
2024-05-21 19:37:03,916 - INFO - POST request to https://challenge.crossmint.io/api/polyanets succeeded.
2024-05-21 19:37:03,919 - INFO - Polyanet created at (16, 14).
2024-05-21 19:37:04,040 - INFO - POST request to https://challenge.crossmint.io/api/polyanets succeeded.
2024-05-21 19:37:04,043 - INFO - Polyanet created at (16, 19).
2024-05-21 19:37:04,164 - INFO - POST request to https://challenge.crossmint.io/api/polyanets succeeded.
2024-05-21 19:37:04,168 - INFO - Polyanet created at (16, 20).
2024-05-21 19:37:04,304 - INFO - POST request to https://challenge.crossmint.io/api/soloons succeeded.
2024-05-21 19:37:04,308 - INFO - Soloon created at (16, 21).
2024-05-21 19:37:04,427 - INFO - POST request to https://challenge.crossmint.io/api/polyanets succeeded.
2024-05-21 19:37:04,431 - INFO - Polyanet created at (17, 5).
2024-05-21 19:37:04,557 - INFO - POST request to https://challenge.crossmint.io/api/polyanets succeeded.
2024-05-21 19:37:04,561 - INFO - Polyanet created at (17, 11).
2024-05-21 19:37:04,708 - WARNING - POST request to https://challenge.crossmint.io/api/soloons rate limited. Retrying in 5 seconds...
2024-05-21 19:37:09,813 - WARNING - POST request to https://challenge.crossmint.io/api/soloons rate limited. Retrying in 5 seconds...
2024-05-21 19:37:14,958 - INFO - POST request to https://challenge.crossmint.io/api/soloons succeeded.
2024-05-21 19:37:14,961 - INFO - Soloon created at (17, 14).
2024-05-21 19:37:15,102 - INFO - POST request to https://challenge.crossmint.io/api/polyanets succeeded.
2024-05-21 19:37:15,105 - INFO - Polyanet created at (17, 15).
2024-05-21 19:37:15,238 - INFO - POST request to https://challenge.crossmint.io/api/polyanets succeeded.
2024-05-21 19:37:15,241 - INFO - Polyanet created at (17, 21).
2024-05-21 19:37:15,382 - INFO - POST request to https://challenge.crossmint.io/api/comeths succeeded.
2024-05-21 19:37:15,387 - INFO - Cometh created at (17, 24).
2024-05-21 19:37:15,525 - INFO - POST request to https://challenge.crossmint.io/api/polyanets succeeded.
2024-05-21 19:37:15,529 - INFO - Polyanet created at (18, 5).
2024-05-21 19:37:15,896 - INFO - POST request to https://challenge.crossmint.io/api/soloons succeeded.
2024-05-21 19:37:15,900 - INFO - Soloon created at (18, 6).
2024-05-21 19:37:16,027 - INFO - POST request to https://challenge.crossmint.io/api/polyanets succeeded.
2024-05-21 19:37:16,030 - INFO - Polyanet created at (18, 11).
2024-05-21 19:37:16,166 - INFO - POST request to https://challenge.crossmint.io/api/polyanets succeeded.
2024-05-21 19:37:16,169 - INFO - Polyanet created at (18, 15).
2024-05-21 19:37:16,307 - INFO - POST request to https://challenge.crossmint.io/api/polyanets succeeded.
2024-05-21 19:37:16,310 - INFO - Polyanet created at (18, 21).
2024-05-21 19:37:16,439 - INFO - POST request to https://challenge.crossmint.io/api/soloons succeeded.
2024-05-21 19:37:16,440 - INFO - Soloon created at (18, 22).
2024-05-21 19:37:16,546 - WARNING - POST request to https://challenge.crossmint.io/api/polyanets rate limited. Retrying in 5 seconds...
2024-05-21 19:37:21,707 - INFO - POST request to https://challenge.crossmint.io/api/polyanets succeeded.
2024-05-21 19:37:21,709 - INFO - Polyanet created at (19, 4).
2024-05-21 19:37:21,841 - INFO - POST request to https://challenge.crossmint.io/api/polyanets succeeded.
2024-05-21 19:37:21,844 - INFO - Polyanet created at (19, 10).
2024-05-21 19:37:22,076 - INFO - POST request to https://challenge.crossmint.io/api/soloons succeeded.
2024-05-21 19:37:22,080 - INFO - Soloon created at (19, 11).
2024-05-21 19:37:22,224 - INFO - POST request to https://challenge.crossmint.io/api/polyanets succeeded.
2024-05-21 19:37:22,228 - INFO - Polyanet created at (19, 16).
2024-05-21 19:37:22,373 - INFO - POST request to https://challenge.crossmint.io/api/polyanets succeeded.
2024-05-21 19:37:22,377 - INFO - Polyanet created at (19, 22).
2024-05-21 19:37:22,510 - INFO - POST request to https://challenge.crossmint.io/api/comeths succeeded.
2024-05-21 19:37:22,514 - INFO - Cometh created at (20, 0).
2024-05-21 19:37:22,634 - INFO - POST request to https://challenge.crossmint.io/api/polyanets succeeded.
2024-05-21 19:37:22,638 - INFO - Polyanet created at (20, 4).
2024-05-21 19:37:22,763 - INFO - POST request to https://challenge.crossmint.io/api/polyanets succeeded.
2024-05-21 19:37:22,767 - INFO - Polyanet created at (20, 10).
2024-05-21 19:37:22,896 - INFO - POST request to https://challenge.crossmint.io/api/polyanets succeeded.
2024-05-21 19:37:22,900 - INFO - Polyanet created at (20, 16).
2024-05-21 19:37:23,029 - INFO - POST request to https://challenge.crossmint.io/api/polyanets succeeded.
2024-05-21 19:37:23,031 - INFO - Polyanet created at (20, 22).
2024-05-21 19:37:23,133 - WARNING - POST request to https://challenge.crossmint.io/api/polyanets rate limited. Retrying in 5 seconds...
2024-05-21 19:37:28,257 - WARNING - POST request to https://challenge.crossmint.io/api/polyanets rate limited. Retrying in 5 seconds...
2024-05-21 19:37:33,406 - INFO - POST request to https://challenge.crossmint.io/api/polyanets succeeded.
2024-05-21 19:37:33,408 - INFO - Polyanet created at (21, 3).
2024-05-21 19:37:33,527 - INFO - POST request to https://challenge.crossmint.io/api/polyanets succeeded.
2024-05-21 19:37:33,530 - INFO - Polyanet created at (21, 8).
2024-05-21 19:37:33,656 - INFO - POST request to https://challenge.crossmint.io/api/polyanets succeeded.
2024-05-21 19:37:33,659 - INFO - Polyanet created at (21, 9).
2024-05-21 19:37:33,796 - INFO - POST request to https://challenge.crossmint.io/api/soloons succeeded.
2024-05-21 19:37:33,800 - INFO - Soloon created at (21, 10).
2024-05-21 19:37:34,015 - INFO - POST request to https://challenge.crossmint.io/api/soloons succeeded.
2024-05-21 19:37:34,020 - INFO - Soloon created at (21, 16).
2024-05-21 19:37:34,195 - INFO - POST request to https://challenge.crossmint.io/api/polyanets succeeded.
2024-05-21 19:37:34,199 - INFO - Polyanet created at (21, 17).
2024-05-21 19:37:34,320 - INFO - POST request to https://challenge.crossmint.io/api/polyanets succeeded.
2024-05-21 19:37:34,324 - INFO - Polyanet created at (21, 18).
2024-05-21 19:37:34,442 - INFO - POST request to https://challenge.crossmint.io/api/soloons succeeded.
2024-05-21 19:37:34,445 - INFO - Soloon created at (21, 19).
2024-05-21 19:37:34,562 - INFO - POST request to https://challenge.crossmint.io/api/polyanets succeeded.
2024-05-21 19:37:34,565 - INFO - Polyanet created at (21, 23).
2024-05-21 19:37:34,684 - INFO - POST request to https://challenge.crossmint.io/api/polyanets succeeded.
2024-05-21 19:37:34,688 - INFO - Polyanet created at (22, 3).
2024-05-21 19:37:34,795 - WARNING - POST request to https://challenge.crossmint.io/api/soloons rate limited. Retrying in 5 seconds...
2024-05-21 19:37:40,067 - WARNING - POST request to https://challenge.crossmint.io/api/soloons rate limited. Retrying in 5 seconds...
2024-05-21 19:37:45,258 - INFO - POST request to https://challenge.crossmint.io/api/soloons succeeded.
2024-05-21 19:37:45,261 - INFO - Soloon created at (22, 5).
2024-05-21 19:37:45,401 - INFO - POST request to https://challenge.crossmint.io/api/polyanets succeeded.
2024-05-21 19:37:45,402 - INFO - Polyanet created at (22, 6).
2024-05-21 19:37:45,534 - INFO - POST request to https://challenge.crossmint.io/api/polyanets succeeded.
2024-05-21 19:37:45,536 - INFO - Polyanet created at (22, 7).
2024-05-21 19:37:45,898 - INFO - POST request to https://challenge.crossmint.io/api/soloons succeeded.
2024-05-21 19:37:45,902 - INFO - Soloon created at (22, 8).
2024-05-21 19:37:46,050 - INFO - POST request to https://challenge.crossmint.io/api/comeths succeeded.
2024-05-21 19:37:46,053 - INFO - Cometh created at (22, 14).
2024-05-21 19:37:46,174 - INFO - POST request to https://challenge.crossmint.io/api/polyanets succeeded.
2024-05-21 19:37:46,177 - INFO - Polyanet created at (22, 19).
2024-05-21 19:37:46,292 - INFO - POST request to https://challenge.crossmint.io/api/polyanets succeeded.
2024-05-21 19:37:46,297 - INFO - Polyanet created at (22, 20).
2024-05-21 19:37:46,422 - INFO - POST request to https://challenge.crossmint.io/api/polyanets succeeded.
2024-05-21 19:37:46,423 - INFO - Polyanet created at (22, 23).
2024-05-21 19:37:46,542 - INFO - POST request to https://challenge.crossmint.io/api/soloons succeeded.
2024-05-21 19:37:46,544 - INFO - Soloon created at (22, 24).
2024-05-21 19:37:46,674 - INFO - POST request to https://challenge.crossmint.io/api/comeths succeeded.
2024-05-21 19:37:46,677 - INFO - Cometh created at (22, 27).
2024-05-21 19:37:46,786 - WARNING - POST request to https://challenge.crossmint.io/api/polyanets rate limited. Retrying in 5 seconds...
2024-05-21 19:37:51,929 - INFO - POST request to https://challenge.crossmint.io/api/polyanets succeeded.
2024-05-21 19:37:51,932 - INFO - Polyanet created at (23, 2).
2024-05-21 19:37:52,063 - INFO - POST request to https://challenge.crossmint.io/api/polyanets succeeded.
2024-05-21 19:37:52,067 - INFO - Polyanet created at (23, 4).
2024-05-21 19:37:52,196 - INFO - POST request to https://challenge.crossmint.io/api/polyanets succeeded.
2024-05-21 19:37:52,200 - INFO - Polyanet created at (23, 5).
2024-05-21 19:37:52,324 - INFO - POST request to https://challenge.crossmint.io/api/polyanets succeeded.
2024-05-21 19:37:52,328 - INFO - Polyanet created at (23, 21).
2024-05-21 19:37:52,454 - INFO - POST request to https://challenge.crossmint.io/api/polyanets succeeded.
2024-05-21 19:37:52,458 - INFO - Polyanet created at (23, 22).
2024-05-21 19:37:52,582 - INFO - POST request to https://challenge.crossmint.io/api/polyanets succeeded.
2024-05-21 19:37:52,586 - INFO - Polyanet created at (23, 24).
2024-05-21 19:37:52,702 - INFO - POST request to https://challenge.crossmint.io/api/polyanets succeeded.
2024-05-21 19:37:52,705 - INFO - Polyanet created at (24, 2).
2024-05-21 19:37:52,872 - INFO - POST request to https://challenge.crossmint.io/api/polyanets succeeded.
2024-05-21 19:37:52,876 - INFO - Polyanet created at (24, 3).
2024-05-21 19:37:53,052 - INFO - POST request to https://challenge.crossmint.io/api/comeths succeeded.
2024-05-21 19:37:53,056 - INFO - Cometh created at (24, 12).
2024-05-21 19:37:53,293 - INFO - POST request to https://challenge.crossmint.io/api/polyanets succeeded.
2024-05-21 19:37:53,296 - INFO - Polyanet created at (24, 23).
2024-05-21 19:37:53,418 - WARNING - POST request to https://challenge.crossmint.io/api/polyanets rate limited. Retrying in 5 seconds...
2024-05-21 19:37:58,543 - WARNING - POST request to https://challenge.crossmint.io/api/polyanets rate limited. Retrying in 5 seconds...
2024-05-21 19:38:03,847 - INFO - POST request to https://challenge.crossmint.io/api/polyanets succeeded.
2024-05-21 19:38:03,849 - INFO - Polyanet created at (24, 24).
2024-05-21 19:38:04,012 - INFO - POST request to https://challenge.crossmint.io/api/comeths succeeded.
2024-05-21 19:38:04,016 - INFO - Cometh created at (26, 3).
2024-05-21 19:38:04,155 - INFO - POST request to https://challenge.crossmint.io/api/comeths succeeded.
2024-05-21 19:38:04,158 - INFO - Cometh created at (26, 15).
2024-05-21 19:38:04,283 - INFO - POST request to https://challenge.crossmint.io/api/comeths succeeded.
2024-05-21 19:38:04,289 - INFO - Cometh created at (26, 26).
2024-05-21 19:38:04,638 - INFO - POST request to https://challenge.crossmint.io/api/comeths succeeded.
2024-05-21 19:38:04,642 - INFO - Cometh created at (27, 5).
2024-05-21 19:38:04,799 - INFO - POST request to https://challenge.crossmint.io/api/comeths succeeded.
2024-05-21 19:38:04,803 - INFO - Cometh created at (28, 10).
2024-05-21 19:38:04,931 - INFO - POST request to https://challenge.crossmint.io/api/comeths succeeded.
2024-05-21 19:38:04,934 - INFO - Cometh created at (28, 20).
